2010.12.29 10:54 B C:\www.brisaloca.com\img\aviso.png --> ftp.labrisaloca.com /Img aviso.png
2010.12.29 10:55 B C:\www.brisaloca.com\img\BAHIA.png --> ftp.labrisaloca.com /Img BAHIA.png
2010.12.29 10:55 B C:\www.brisaloca.com\img\Barra.png --> ftp.labrisaloca.com /Img Barra.png
2010.12.29 10:55 B C:\www.brisaloca.com\img\barranquillaairport.jpg --> ftp.labrisaloca.com /Img barranquillaairport.jpg
2010.12.29 10:55 B C:\www.brisaloca.com\img\cartagena.jpg --> ftp.labrisaloca.com /Img cartagena.jpg
2010.12.29 10:55 B C:\www.brisaloca.com\img\casa aduan.png --> ftp.labrisaloca.com /Img casa aduan.png
2010.12.29 10:55 B C:\www.brisaloca.com\img\CATEDRAL.png --> ftp.labrisaloca.com /Img CATEDRAL.png
2010.12.29 10:55 B C:\www.brisaloca.com\img\fcontacto.png --> ftp.labrisaloca.com /Img fcontacto.png
2010.12.29 10:55 B C:\www.brisaloca.com\img\fondo.jpg --> ftp.labrisaloca.com /Img fondo.jpg
2010.12.29 10:55 B C:\www.brisaloca.com\img\fondo2.jpg --> ftp.labrisaloca.com /Img fondo2.jpg
2010.12.29 10:55 B C:\www.brisaloca.com\img\fondo25.jpg --> ftp.labrisaloca.com /Img fondo25.jpg
2010.12.29 10:55 B C:\www.brisaloca.com\img\fondo3.jpg --> ftp.labrisaloca.com /Img fondo3.jpg
2010.12.29 10:55 B C:\www.brisaloca.com\img\fondoImagenes.png --> ftp.labrisaloca.com /Img fondoImagenes.png
2010.12.29 10:55 B C:\www.brisaloca.com\img\FondoInformacion.png --> ftp.labrisaloca.com /Img FondoInformacion.png
2010.12.29 10:55 B C:\www.brisaloca.com\img\fondotexto.png --> ftp.labrisaloca.com /Img fondotexto.png
2010.12.29 10:55 B C:\www.brisaloca.com\img\JUAN.png --> ftp.labrisaloca.com /Img JUAN.png
2010.12.29 10:55 B C:\www.brisaloca.com\img\LOST.png --> ftp.labrisaloca.com /Img LOST.png
2010.12.29 10:55 B C:\www.brisaloca.com\img\mapa.png --> ftp.labrisaloca.com /Img mapa.png
2010.12.29 10:55 B C:\www.brisaloca.com\img\mensaje.jpg --> ftp.labrisaloca.com /Img mensaje.jpg
2010.12.29 10:55 B C:\www.brisaloca.com\img\mercado.png --> ftp.labrisaloca.com /Img mercado.png
2010.12.29 10:55 B C:\www.brisaloca.com\img\MINCA.png --> ftp.labrisaloca.com /Img MINCA.png
2010.12.29 10:55 B C:\www.brisaloca.com\img\MUSEO.png --> ftp.labrisaloca.com /Img MUSEO.png
2010.12.29 10:55 B C:\www.brisaloca.com\img\night.png --> ftp.labrisaloca.com /Img night.png
2010.12.29 10:55 B C:\www.brisaloca.com\img\PALOMINO.png --> ftp.labrisaloca.com /Img PALOMINO.png
2010.12.29 10:55 B C:\www.brisaloca.com\img\QUINTA.png --> ftp.labrisaloca.com /Img QUINTA.png
2010.12.29 10:55 B C:\www.brisaloca.com\img\santamartaairport.jpg --> ftp.labrisaloca.com /Img santamartaairport.jpg
2010.12.29 10:55 B C:\www.brisaloca.com\img\taganga.jpg --> ftp.labrisaloca.com /Img taganga.jpg
2010.12.29 10:55 B C:\www.brisaloca.com\img\TAGANGAE.png --> ftp.labrisaloca.com /Img TAGANGAE.png
2010.12.29 10:55 B C:\www.brisaloca.com\img\tayrona.jpg --> ftp.labrisaloca.com /Img tayrona.jpg
2010.12.29 10:55 B C:\www.brisaloca.com\img\transporte.png --> ftp.labrisaloca.com /Img transporte.png
2010.12.29 10:55 B C:\www.brisaloca.com\img\wreck.png --> ftp.labrisaloca.com /Img wreck.png
2010.12.29 11:11 B C:\www.brisaloca.com\img\aviso.png --> ftp.labrisaloca.com /Img aviso.png
2010.12.29 11:11 B C:\www.brisaloca.com\img\BAHIA.png --> ftp.labrisaloca.com /Img BAHIA.png
2010.12.29 11:11 B C:\www.brisaloca.com\img\Barra.png --> ftp.labrisaloca.com /Img Barra.png
2010.12.29 11:11 B C:\www.brisaloca.com\img\barranquillaairport.jpg --> ftp.labrisaloca.com /Img barranquillaairport.jpg
2010.12.29 11:11 B C:\www.brisaloca.com\img\cartagena.jpg --> ftp.labrisaloca.com /Img cartagena.jpg
2010.12.29 11:11 B C:\www.brisaloca.com\img\casa aduan.png --> ftp.labrisaloca.com /Img casa aduan.png
2010.12.29 11:11 B C:\www.brisaloca.com\img\CATEDRAL.png --> ftp.labrisaloca.com /Img CATEDRAL.png
2010.12.29 11:11 B C:\www.brisaloca.com\img\fcontacto.png --> ftp.labrisaloca.com /Img fcontacto.png
2010.12.29 11:11 B C:\www.brisaloca.com\img\fondo.jpg --> ftp.labrisaloca.com /Img fondo.jpg
2010.12.29 11:11 B C:\www.brisaloca.com\img\fondo2.jpg --> ftp.labrisaloca.com /Img fondo2.jpg
2010.12.29 11:11 B C:\www.brisaloca.com\img\fondo25.jpg --> ftp.labrisaloca.com /Img fondo25.jpg
2010.12.29 11:11 B C:\www.brisaloca.com\img\fondo3.jpg --> ftp.labrisaloca.com /Img fondo3.jpg
2010.12.29 11:11 B C:\www.brisaloca.com\img\fondoImagenes.png --> ftp.labrisaloca.com /Img fondoImagenes.png
2010.12.29 11:11 B C:\www.brisaloca.com\img\FondoInformacion.png --> ftp.labrisaloca.com /Img FondoInformacion.png
2010.12.29 11:11 B C:\www.brisaloca.com\img\fondotexto.png --> ftp.labrisaloca.com /Img fondotexto.png
2010.12.29 11:11 B C:\www.brisaloca.com\img\JUAN.png --> ftp.labrisaloca.com /Img JUAN.png
2010.12.29 11:12 B C:\www.brisaloca.com\img\LOST.png --> ftp.labrisaloca.com /Img LOST.png
2010.12.29 11:12 B C:\www.brisaloca.com\img\mapa.png --> ftp.labrisaloca.com /Img mapa.png
2010.12.29 11:12 B C:\www.brisaloca.com\img\mensaje.jpg --> ftp.labrisaloca.com /Img mensaje.jpg
2010.12.29 11:12 B C:\www.brisaloca.com\img\mercado.png --> ftp.labrisaloca.com /Img mercado.png
2010.12.29 11:12 B C:\www.brisaloca.com\img\MINCA.png --> ftp.labrisaloca.com /Img MINCA.png
2010.12.29 11:12 B C:\www.brisaloca.com\img\MUSEO.png --> ftp.labrisaloca.com /Img MUSEO.png
2010.12.29 11:12 B C:\www.brisaloca.com\img\night.png --> ftp.labrisaloca.com /Img night.png
2010.12.29 11:12 B C:\www.brisaloca.com\img\PALOMINO.png --> ftp.labrisaloca.com /Img PALOMINO.png
2010.12.29 11:12 B C:\www.brisaloca.com\img\QUINTA.png --> ftp.labrisaloca.com /Img QUINTA.png
2010.12.29 11:12 B C:\www.brisaloca.com\img\santamartaairport.jpg --> ftp.labrisaloca.com /Img santamartaairport.jpg
2010.12.29 11:12 B C:\www.brisaloca.com\img\taganga.jpg --> ftp.labrisaloca.com /Img taganga.jpg
2010.12.29 11:12 B C:\www.brisaloca.com\img\TAGANGAE.png --> ftp.labrisaloca.com /Img TAGANGAE.png
2010.12.29 11:12 B C:\www.brisaloca.com\img\tayrona.jpg --> ftp.labrisaloca.com /Img tayrona.jpg
2010.12.29 11:12 B C:\www.brisaloca.com\img\transporte.png --> ftp.labrisaloca.com /Img transporte.png
2010.12.29 11:12 B C:\www.brisaloca.com\img\wreck.png --> ftp.labrisaloca.com /Img wreck.png
2010.12.29 11:12 B C:\www.brisaloca.com\img\WS_FTP.LOG --> ftp.labrisaloca.com /Img WS_FTP.LOG
2010.12.29 11:28 B C:\www.brisaloca.com\img\aviso.png --> ftp.labrisaloca.com /Img aviso.png
2010.12.29 11:28 B C:\www.brisaloca.com\img\BAHIA.png --> ftp.labrisaloca.com /Img BAHIA.png
2010.12.29 11:28 B C:\www.brisaloca.com\img\Barra.png --> ftp.labrisaloca.com /Img Barra.png
2010.12.29 11:28 B C:\www.brisaloca.com\img\barranquillaairport.jpg --> ftp.labrisaloca.com /Img barranquillaairport.jpg
2010.12.29 11:28 B C:\www.brisaloca.com\img\cartagena.jpg --> ftp.labrisaloca.com /Img cartagena.jpg
2010.12.29 11:28 B C:\www.brisaloca.com\img\casa aduan.png --> ftp.labrisaloca.com /Img casa aduan.png
2010.12.29 11:28 B C:\www.brisaloca.com\img\CATEDRAL.png --> ftp.labrisaloca.com /Img CATEDRAL.png
2010.12.29 11:28 B C:\www.brisaloca.com\img\fcontacto.png --> ftp.labrisaloca.com /Img fcontacto.png
2010.12.29 11:28 B C:\www.brisaloca.com\img\fondo.jpg --> ftp.labrisaloca.com /Img fondo.jpg
2010.12.29 11:28 B C:\www.brisaloca.com\img\fondo2.jpg --> ftp.labrisaloca.com /Img fondo2.jpg
2010.12.29 11:28 B C:\www.brisaloca.com\img\fondo25.jpg --> ftp.labrisaloca.com /Img fondo25.jpg
2010.12.29 11:29 B C:\www.brisaloca.com\img\fondo3.jpg --> ftp.labrisaloca.com /Img fondo3.jpg
2010.12.29 11:29 B C:\www.brisaloca.com\img\fondoImagenes.png --> ftp.labrisaloca.com /Img fondoImagenes.png
2010.12.29 11:29 B C:\www.brisaloca.com\img\FondoInformacion.png --> ftp.labrisaloca.com /Img FondoInformacion.png
2010.12.29 11:29 B C:\www.brisaloca.com\img\fondotexto.png --> ftp.labrisaloca.com /Img fondotexto.png
2010.12.29 11:29 B C:\www.brisaloca.com\img\JUAN.png --> ftp.labrisaloca.com /Img JUAN.png
2010.12.29 11:29 B C:\www.brisaloca.com\img\LOST.png --> ftp.labrisaloca.com /Img LOST.png
2010.12.29 11:29 B C:\www.brisaloca.com\img\mapa.png --> ftp.labrisaloca.com /Img mapa.png
2010.12.29 11:29 B C:\www.brisaloca.com\img\mensaje.jpg --> ftp.labrisaloca.com /Img mensaje.jpg
2010.12.29 11:29 B C:\www.brisaloca.com\img\mercado.png --> ftp.labrisaloca.com /Img mercado.png
2010.12.29 11:29 B C:\www.brisaloca.com\img\MINCA.png --> ftp.labrisaloca.com /Img MINCA.png
2010.12.29 11:29 B C:\www.brisaloca.com\img\MUSEO.png --> ftp.labrisaloca.com /Img MUSEO.png
2010.12.29 11:29 B C:\www.brisaloca.com\img\night.png --> ftp.labrisaloca.com /Img night.png
2010.12.29 11:29 B C:\www.brisaloca.com\img\PALOMINO.png --> ftp.labrisaloca.com /Img PALOMINO.png
2010.12.29 11:29 B C:\www.brisaloca.com\img\QUINTA.png --> ftp.labrisaloca.com /Img QUINTA.png
2010.12.29 11:29 B C:\www.brisaloca.com\img\santamartaairport.jpg --> ftp.labrisaloca.com /Img santamartaairport.jpg
2010.12.29 11:29 B C:\www.brisaloca.com\img\taganga.jpg --> ftp.labrisaloca.com /Img taganga.jpg
2010.12.29 11:29 B C:\www.brisaloca.com\img\TAGANGAE.png --> ftp.labrisaloca.com /Img TAGANGAE.png
2010.12.29 11:29 B C:\www.brisaloca.com\img\tayrona.jpg --> ftp.labrisaloca.com /Img tayrona.jpg
2010.12.29 11:29 B C:\www.brisaloca.com\img\transporte.png --> ftp.labrisaloca.com /Img transporte.png
2010.12.29 11:29 B C:\www.brisaloca.com\img\wreck.png --> ftp.labrisaloca.com /Img wreck.png
2010.12.29 11:29 B C:\www.brisaloca.com\img\WS_FTP.LOG --> ftp.labrisaloca.com /Img WS_FTP.LOG
2010.12.30 20:49 B C:\www.brisaloca.com\img\around1.jpg --> ftp.labrisaloca.com /img around1.jpg
2010.12.30 20:51 B C:\www.brisaloca.com\img\aviso.png --> ftp.labrisaloca.com /img aviso.png
2010.12.30 20:51 B C:\www.brisaloca.com\img\BAHIA.png --> ftp.labrisaloca.com /img BAHIA.png
2010.12.30 20:51 B C:\www.brisaloca.com\img\Barra.png --> ftp.labrisaloca.com /img Barra.png
2010.12.30 20:51 B C:\www.brisaloca.com\img\barranquillaairport.jpg --> ftp.labrisaloca.com /img barranquillaairport.jpg
2010.12.30 20:51 B C:\www.brisaloca.com\img\cartagena.jpg --> ftp.labrisaloca.com /img cartagena.jpg
2010.12.30 20:52 B C:\www.brisaloca.com\img\casa aduan.png --> ftp.labrisaloca.com /img casa aduan.png
2010.12.30 20:53 B C:\www.brisaloca.com\img\CATEDRAL.png --> ftp.labrisaloca.com /img CATEDRAL.png
2010.12.30 20:54 B C:\www.brisaloca.com\img\esaround1.jpg --> ftp.labrisaloca.com /img esaround1.jpg
2010.12.30 20:56 B C:\www.brisaloca.com\img\esaviso.png --> ftp.labrisaloca.com /img esaviso.png
2010.12.31 11:32 B C:\www.brisaloca.com\img\around1.jpg --> ftp.labrisaloca.com /Img around1.jpg
2010.12.31 11:32 B C:\www.brisaloca.com\img\aviso.png --> ftp.labrisaloca.com /Img aviso.png
2010.12.31 11:32 B C:\www.brisaloca.com\img\BAHIA.png --> ftp.labrisaloca.com /Img BAHIA.png
2010.12.31 11:32 B C:\www.brisaloca.com\img\Barra.png --> ftp.labrisaloca.com /Img Barra.png
2010.12.31 11:34 B C:\www.brisaloca.com\img\around1.jpg --> ftp.labrisaloca.com /Img around1.jpg
2010.12.31 11:34 B C:\www.brisaloca.com\img\aviso.png --> ftp.labrisaloca.com /Img aviso.png
2010.12.31 11:34 B C:\www.brisaloca.com\img\BAHIA.png --> ftp.labrisaloca.com /Img BAHIA.png
2010.12.31 11:34 B C:\www.brisaloca.com\img\Barra.png --> ftp.labrisaloca.com /Img Barra.png
2010.12.31 11:34 B C:\www.brisaloca.com\img\barranquillaairport.jpg --> ftp.labrisaloca.com /Img barranquillaairport.jpg
2010.12.31 11:34 B C:\www.brisaloca.com\img\cartagena.jpg --> ftp.labrisaloca.com /Img cartagena.jpg
2010.12.31 11:34 B C:\www.brisaloca.com\img\casa aduan.png --> ftp.labrisaloca.com /Img casa aduan.png
2010.12.31 11:34 B C:\www.brisaloca.com\img\CATEDRAL.png --> ftp.labrisaloca.com /Img CATEDRAL.png
2010.12.31 11:34 B C:\www.brisaloca.com\img\esaround1.jpg --> ftp.labrisaloca.com /Img esaround1.jpg
2010.12.31 11:34 B C:\www.brisaloca.com\img\esaviso.png --> ftp.labrisaloca.com /Img esaviso.png
2010.12.31 11:34 B C:\www.brisaloca.com\img\esbarranquillaairport.jpg --> ftp.labrisaloca.com /Img esbarranquillaairport.jpg
2010.12.31 11:34 B C:\www.brisaloca.com\img\esesantamartaairport.jpg --> ftp.labrisaloca.com /Img esesantamartaairport.jpg
2010.12.31 11:34 B C:\www.brisaloca.com\img\esmapainsantamarta.jpg --> ftp.labrisaloca.com /Img esmapainsantamarta.jpg
2010.12.31 11:34 B C:\www.brisaloca.com\img\fcontacto.png --> ftp.labrisaloca.com /Img fcontacto.png
2010.12.31 11:34 B C:\www.brisaloca.com\img\fondo.jpg --> ftp.labrisaloca.com /Img fondo.jpg
2010.12.31 11:34 B C:\www.brisaloca.com\img\fondo1.jpg --> ftp.labrisaloca.com /Img fondo1.jpg
2010.12.31 11:34 B C:\www.brisaloca.com\img\fondo2.jpg --> ftp.labrisaloca.com /Img fondo2.jpg
2010.12.31 11:34 B C:\www.brisaloca.com\img\fondo25.jpg --> ftp.labrisaloca.com /Img fondo25.jpg
2010.12.31 11:35 B C:\www.brisaloca.com\img\fondo3.jpg --> ftp.labrisaloca.com /Img fondo3.jpg
2010.12.31 11:35 B C:\www.brisaloca.com\img\fondoImagenes.png --> ftp.labrisaloca.com /Img fondoImagenes.png
2010.12.31 11:35 B C:\www.brisaloca.com\img\FondoInformacion.png --> ftp.labrisaloca.com /Img FondoInformacion.png
2010.12.31 11:35 B C:\www.brisaloca.com\img\fondotexto.png --> ftp.labrisaloca.com /Img fondotexto.png
2010.12.31 11:35 B C:\www.brisaloca.com\img\JUAN.png --> ftp.labrisaloca.com /Img JUAN.png
2010.12.31 11:35 B C:\www.brisaloca.com\img\LOST.png --> ftp.labrisaloca.com /Img LOST.png
2010.12.31 11:35 B C:\www.brisaloca.com\img\mapa insantamarta.png --> ftp.labrisaloca.com /Img mapa insantamarta.png
2010.12.31 11:35 B C:\www.brisaloca.com\img\mapa.png --> ftp.labrisaloca.com /Img mapa.png
2010.12.31 11:35 B C:\www.brisaloca.com\img\mapaaroud.jpg --> ftp.labrisaloca.com /Img mapaaroud.jpg
2010.12.31 11:35 B C:\www.brisaloca.com\img\mapainsantamarta.jpg --> ftp.labrisaloca.com /Img mapainsantamarta.jpg
2010.12.31 11:35 B C:\www.brisaloca.com\img\mensaje.jpg --> ftp.labrisaloca.com /Img mensaje.jpg
2010.12.31 11:35 B C:\www.brisaloca.com\img\mercado.png --> ftp.labrisaloca.com /Img mercado.png
2010.12.31 11:35 B C:\www.brisaloca.com\img\MINCA.png --> ftp.labrisaloca.com /Img MINCA.png
2010.12.31 11:35 B C:\www.brisaloca.com\img\MUSEO.png --> ftp.labrisaloca.com /Img MUSEO.png
2010.12.31 11:35 B C:\www.brisaloca.com\img\night.png --> ftp.labrisaloca.com /Img night.png
2010.12.31 11:35 B C:\www.brisaloca.com\img\PALOMINO.png --> ftp.labrisaloca.com /Img PALOMINO.png
2010.12.31 11:35 B C:\www.brisaloca.com\img\QUINTA.png --> ftp.labrisaloca.com /Img QUINTA.png
2010.12.31 11:35 B C:\www.brisaloca.com\img\santamartaairport.jpg --> ftp.labrisaloca.com /Img santamartaairport.jpg
2010.12.31 11:35 B C:\www.brisaloca.com\img\taganga.jpg --> ftp.labrisaloca.com /Img taganga.jpg
2010.12.31 11:35 B C:\www.brisaloca.com\img\TAGANGAE.png --> ftp.labrisaloca.com /Img TAGANGAE.png
2010.12.31 11:35 B C:\www.brisaloca.com\img\tayrona.jpg --> ftp.labrisaloca.com /Img tayrona.jpg
2010.12.31 11:35 B C:\www.brisaloca.com\img\transporte.png --> ftp.labrisaloca.com /Img transporte.png
2010.12.31 11:36 B C:\www.brisaloca.com\img\wreck.png --> ftp.labrisaloca.com /Img wreck.png
2011.01.04 13:51 B C:\www.brisaloca.com\img\facebook.png --> ftp.labrisaloca.com /img facebook.png
2011.01.04 13:51 B C:\www.brisaloca.com\img\twitter.png --> ftp.labrisaloca.com /img twitter.png
2011.01.04 13:51 B C:\www.brisaloca.com\img\youtube.png --> ftp.labrisaloca.com /img youtube.png
2011.02.15 15:00 B C:\www.brisaloca.com\img\fondoi.jpg --> ftp.labrisaloca.com /img fondoi.jpg
2011.02.17 17:56 B C:\www.brisaloca.com\img\encu.png --> ftp.labrisaloca.com /img encu.png
2011.02.17 17:59 B C:\www.brisaloca.com\img\encu.png --> ftp.labrisaloca.com /img encu.png
2011.06.01 11:51 B D:\www.brisaloca.com\img\reser.png --> ftp.labrisaloca.com /img reser.png
2011.06.01 11:51 B D:\www.brisaloca.com\img\reservas.png --> ftp.labrisaloca.com /img reservas.png
